[run_repeat] Starting mac_mps_vgg16_fp32_bs64_r1 (log: mac_mps_vgg16_fp32_bs64_r1_20251114_120547.txt)
MEASURED_SEC=81.648719 IMGS_PER_SEC=78.38 BATCH=64 ARCH=vgg16 BACKEND=MPS
       92.73 real        27.27 user        20.90 sys
          1343143936  maximum resident set size
                   0  average shared memory size
                   0  average unshared data size
                   0  average unshared stack size
               89948  page reclaims
                  11  page faults
                   0  swaps
                   0  block input operations
                   0  block output operations
                   0  messages sent
                   0  messages received
                   0  signals received
                7597  voluntary context switches
             1131363  involuntary context switches
        259221655680  instructions retired
        107131545349  cycles elapsed
         10619914088  peak memory footprint
[run_repeat] Finished mac_mps_vgg16_fp32_bs64_r1

[run_repeat] Starting mac_mps_vgg16_fp32_bs64_r2 (log: mac_mps_vgg16_fp32_bs64_r2_20251114_120720.txt)
MEASURED_SEC=84.062527 IMGS_PER_SEC=76.13 BATCH=64 ARCH=vgg16 BACKEND=MPS
       95.98 real        32.99 user        24.99 sys
          1295417344  maximum resident set size
                   0  average shared memory size
                   0  average unshared data size
                   0  average unshared stack size
               87034  page reclaims
                  43  page faults
                   0  swaps
                   0  block input operations
                   0  block output operations
                   0  messages sent
                   0  messages received
                   0  signals received
               15625  voluntary context switches
             1131621  involuntary context switches
        259163917298  instructions retired
        107519292178  cycles elapsed
         10617603968  peak memory footprint
[run_repeat] Finished mac_mps_vgg16_fp32_bs64_r2

[run_repeat] Starting mac_mps_vgg16_fp32_bs64_r3 (log: mac_mps_vgg16_fp32_bs64_r3_20251114_120856.txt)
MEASURED_SEC=85.160549 IMGS_PER_SEC=75.15 BATCH=64 ARCH=vgg16 BACKEND=MPS
       97.28 real        33.57 user        25.15 sys
          1298890752  maximum resident set size
                   0  average shared memory size
                   0  average unshared data size
                   0  average unshared stack size
               87199  page reclaims
                  33  page faults
                   0  swaps
                   0  block input operations
                   0  block output operations
                   0  messages sent
                   0  messages received
                   0  signals received
               15566  voluntary context switches
             1137248  involuntary context switches
        258671925471  instructions retired
        107189743716  cycles elapsed
         10620520320  peak memory footprint
[run_repeat] Finished mac_mps_vgg16_fp32_bs64_r3

