[run_repeat] Starting mac_mps_resnet50_fp32_bs16_r1 (log: mac_mps_resnet50_fp32_bs16_r1_20251114_115032.txt)
MEASURED_SEC=11.700281 IMGS_PER_SEC=136.75 BATCH=16 ARCH=resnet50 BACKEND=MPS
       16.56 real        11.56 user         5.43 sys
           848789504  maximum resident set size
                   0  average shared memory size
                   0  average unshared data size
                   0  average unshared stack size
               54195  page reclaims
                5551  page faults
                   0  swaps
                   0  block input operations
                   0  block output operations
                   0  messages sent
                   0  messages received
                   0  signals received
                2969  voluntary context switches
              358311  involuntary context switches
        111977102700  instructions retired
         58091576297  cycles elapsed
          3123693128  peak memory footprint
[run_repeat] Finished mac_mps_resnet50_fp32_bs16_r1

[run_repeat] Starting mac_mps_resnet50_fp32_bs16_r2 (log: mac_mps_resnet50_fp32_bs16_r2_20251114_115048.txt)
MEASURED_SEC=12.089171 IMGS_PER_SEC=132.35 BATCH=16 ARCH=resnet50 BACKEND=MPS
       15.84 real        12.09 user         5.52 sys
           852443136  maximum resident set size
                   0  average shared memory size
                   0  average unshared data size
                   0  average unshared stack size
               59877  page reclaims
                  14  page faults
                   0  swaps
                   0  block input operations
                   0  block output operations
                   0  messages sent
                   0  messages received
                   0  signals received
                1283  voluntary context switches
              351296  involuntary context switches
        111189116231  instructions retired
         53777525174  cycles elapsed
          3119957576  peak memory footprint
[run_repeat] Finished mac_mps_resnet50_fp32_bs16_r2

[run_repeat] Starting mac_mps_resnet50_fp32_bs16_r3 (log: mac_mps_resnet50_fp32_bs16_r3_20251114_115104.txt)
MEASURED_SEC=12.388266 IMGS_PER_SEC=129.15 BATCH=16 ARCH=resnet50 BACKEND=MPS
       16.04 real        12.48 user         5.81 sys
           862404608  maximum resident set size
                   0  average shared memory size
                   0  average unshared data size
                   0  average unshared stack size
               60581  page reclaims
                   1  page faults
                   0  swaps
                   0  block input operations
                   0  block output operations
                   0  messages sent
                   0  messages received
                   0  signals received
                   0  voluntary context switches
              351810  involuntary context switches
        111305906120  instructions retired
         53245974841  cycles elapsed
          3120596552  peak memory footprint
[run_repeat] Finished mac_mps_resnet50_fp32_bs16_r3

[run_repeat] Starting mac_mps_resnet50_fp32_bs32_r1 (log: mac_mps_resnet50_fp32_bs32_r1_20251114_115120.txt)
MEASURED_SEC=26.535602 IMGS_PER_SEC=120.59 BATCH=32 ARCH=resnet50 BACKEND=MPS
       33.70 real        18.84 user        11.02 sys
           871710720  maximum resident set size
                   0  average shared memory size
                   0  average unshared data size
                   0  average unshared stack size
               62195  page reclaims
                 261  page faults
                   0  swaps
                   0  block input operations
                   0  block output operations
                   0  messages sent
                   0  messages received
                   0  signals received
                6804  voluntary context switches
              645040  involuntary context switches
        167220866521  instructions retired
         81895959688  cycles elapsed
          5328029256  peak memory footprint
[run_repeat] Finished mac_mps_resnet50_fp32_bs32_r1

[run_repeat] Starting mac_mps_resnet50_fp32_bs32_r2 (log: mac_mps_resnet50_fp32_bs32_r2_20251114_115154.txt)
MEASURED_SEC=26.477790 IMGS_PER_SEC=120.86 BATCH=32 ARCH=resnet50 BACKEND=MPS
       31.46 real        20.22 user        11.19 sys
           924401664  maximum resident set size
                   0  average shared memory size
                   0  average unshared data size
                   0  average unshared stack size
               64368  page reclaims
                  29  page faults
                   0  swaps
                   0  block input operations
                   0  block output operations
                   0  messages sent
                   0  messages received
                   0  signals received
                1677  voluntary context switches
              643275  involuntary context switches
        166220247564  instructions retired
         78194499375  cycles elapsed
          5322688072  peak memory footprint
[run_repeat] Finished mac_mps_resnet50_fp32_bs32_r2

[run_repeat] Starting mac_mps_resnet50_fp32_bs32_r3 (log: mac_mps_resnet50_fp32_bs32_r3_20251114_115226.txt)
MEASURED_SEC=27.902693 IMGS_PER_SEC=114.68 BATCH=32 ARCH=resnet50 BACKEND=MPS
       33.34 real        22.05 user        12.01 sys
           888930304  maximum resident set size
                   0  average shared memory size
                   0  average unshared data size
                   0  average unshared stack size
               62181  page reclaims
                  43  page faults
                   0  swaps
                   0  block input operations
                   0  block output operations
                   0  messages sent
                   0  messages received
                   0  signals received
                4172  voluntary context switches
              638308  involuntary context switches
        166282588060  instructions retired
         76261789731  cycles elapsed
          5323966024  peak memory footprint
[run_repeat] Finished mac_mps_resnet50_fp32_bs32_r3

[run_repeat] Starting mac_mps_vgg16_fp32_bs16_r1 (log: mac_mps_vgg16_fp32_bs16_r1_20251114_115259.txt)
MEASURED_SEC=21.995921 IMGS_PER_SEC=72.74 BATCH=16 ARCH=vgg16 BACKEND=MPS
       29.19 real        12.18 user         6.81 sys
          1235156992  maximum resident set size
                   0  average shared memory size
                   0  average unshared data size
                   0  average unshared stack size
               83630  page reclaims
                 127  page faults
                   0  swaps
                   0  block input operations
                   0  block output operations
                   0  messages sent
                   0  messages received
                   0  signals received
                3361  voluntary context switches
              306093  involuntary context switches
         93348283096  instructions retired
         38757018716  cycles elapsed
          5213669224  peak memory footprint
[run_repeat] Finished mac_mps_vgg16_fp32_bs16_r1

[run_repeat] Starting mac_mps_vgg16_fp32_bs16_r2 (log: mac_mps_vgg16_fp32_bs16_r2_20251114_115328.txt)
MEASURED_SEC=22.843226 IMGS_PER_SEC=70.04 BATCH=16 ARCH=vgg16 BACKEND=MPS
       28.41 real        12.93 user         6.91 sys
          1243004928  maximum resident set size
                   0  average shared memory size
                   0  average unshared data size
                   0  average unshared stack size
               83767  page reclaims
                   1  page faults
                   0  swaps
                   0  block input operations
                   0  block output operations
                   0  messages sent
                   0  messages received
                   0  signals received
                   0  voluntary context switches
              299876  involuntary context switches
         93042007310  instructions retired
         38125484094  cycles elapsed
          5212342120  peak memory footprint
[run_repeat] Finished mac_mps_vgg16_fp32_bs16_r2

[run_repeat] Starting mac_mps_vgg16_fp32_bs16_r3 (log: mac_mps_vgg16_fp32_bs16_r3_20251114_115357.txt)
MEASURED_SEC=22.742894 IMGS_PER_SEC=70.35 BATCH=16 ARCH=vgg16 BACKEND=MPS
       28.29 real        12.73 user         6.96 sys
          1273888768  maximum resident set size
                   0  average shared memory size
                   0  average unshared data size
                   0  average unshared stack size
               85655  page reclaims
                   1  page faults
                   0  swaps
                   0  block input operations
                   0  block output operations
                   0  messages sent
                   0  messages received
                   0  signals received
                   0  voluntary context switches
              302248  involuntary context switches
         93110625732  instructions retired
         38029077678  cycles elapsed
          5216585600  peak memory footprint
[run_repeat] Finished mac_mps_vgg16_fp32_bs16_r3

[run_repeat] Starting mac_mps_mobilenet_v2_fp32_bs16_r1 (log: mac_mps_mobilenet_v2_fp32_bs16_r1_20251114_115425.txt)
MEASURED_SEC=9.951604 IMGS_PER_SEC=160.78 BATCH=16 ARCH=mobilenet_v2 BACKEND=MPS
       15.69 real        12.22 user         5.71 sys
           839761920  maximum resident set size
                   0  average shared memory size
                   0  average unshared data size
                   0  average unshared stack size
               59799  page reclaims
                 158  page faults
                   0  swaps
                   0  block input operations
                   0  block output operations
                   0  messages sent
                   0  messages received
                   0  signals received
                  31  voluntary context switches
              353780  involuntary context switches
        111622221653  instructions retired
         51056840332  cycles elapsed
          3212740192  peak memory footprint
[run_repeat] Finished mac_mps_mobilenet_v2_fp32_bs16_r1

[run_repeat] Starting mac_mps_mobilenet_v2_fp32_bs16_r2 (log: mac_mps_mobilenet_v2_fp32_bs16_r2_20251114_115441.txt)
MEASURED_SEC=9.892639 IMGS_PER_SEC=161.74 BATCH=16 ARCH=mobilenet_v2 BACKEND=MPS
       13.04 real        12.04 user         5.66 sys
           837615616  maximum resident set size
                   0  average shared memory size
                   0  average unshared data size
                   0  average unshared stack size
               58923  page reclaims
                   1  page faults
                   0  swaps
                   0  block input operations
                   0  block output operations
                   0  messages sent
                   0  messages received
                   0  signals received
                   3  voluntary context switches
              353646  involuntary context switches
        111347665550  instructions retired
         50788769363  cycles elapsed
          3213117024  peak memory footprint
[run_repeat] Finished mac_mps_mobilenet_v2_fp32_bs16_r2

[run_repeat] Starting mac_mps_mobilenet_v2_fp32_bs16_r3 (log: mac_mps_mobilenet_v2_fp32_bs16_r3_20251114_115454.txt)
MEASURED_SEC=10.019805 IMGS_PER_SEC=159.68 BATCH=16 ARCH=mobilenet_v2 BACKEND=MPS
       13.19 real        12.27 user         5.66 sys
           829407232  maximum resident set size
                   0  average shared memory size
                   0  average unshared data size
                   0  average unshared stack size
               58513  page reclaims
                   1  page faults
                   0  swaps
                   0  block input operations
                   0  block output operations
                   0  messages sent
                   0  messages received
                   0  signals received
                   0  voluntary context switches
              355480  involuntary context switches
        111270787633  instructions retired
         50825426992  cycles elapsed
          3215607392  peak memory footprint
[run_repeat] Finished mac_mps_mobilenet_v2_fp32_bs16_r3

[run_repeat] Starting mac_mps_mobilenet_v2_fp32_bs32_r1 (log: mac_mps_mobilenet_v2_fp32_bs32_r1_20251114_115507.txt)
MEASURED_SEC=16.881131 IMGS_PER_SEC=189.56 BATCH=32 ARCH=mobilenet_v2 BACKEND=MPS
       21.46 real        18.03 user        10.42 sys
           941031424  maximum resident set size
                   0  average shared memory size
                   0  average unshared data size
                   0  average unshared stack size
               65581  page reclaims
                  25  page faults
                   0  swaps
                   0  block input operations
                   0  block output operations
                   0  messages sent
                   0  messages received
                   0  signals received
                   0  voluntary context switches
              631230  involuntary context switches
        164890909046  instructions retired
         73909841352  cycles elapsed
          4116694624  peak memory footprint
[run_repeat] Finished mac_mps_mobilenet_v2_fp32_bs32_r1

[run_repeat] Starting mac_mps_mobilenet_v2_fp32_bs32_r2 (log: mac_mps_mobilenet_v2_fp32_bs32_r2_20251114_115528.txt)
MEASURED_SEC=16.924634 IMGS_PER_SEC=189.07 BATCH=32 ARCH=mobilenet_v2 BACKEND=MPS
       20.81 real        18.09 user        10.52 sys
           941457408  maximum resident set size
                   0  average shared memory size
                   0  average unshared data size
                   0  average unshared stack size
               65334  page reclaims
                   1  page faults
                   0  swaps
                   0  block input operations
                   0  block output operations
                   0  messages sent
                   0  messages received
                   0  signals received
                   0  voluntary context switches
              631748  involuntary context switches
        165289942656  instructions retired
         74201402407  cycles elapsed
          4121937504  peak memory footprint
[run_repeat] Finished mac_mps_mobilenet_v2_fp32_bs32_r2

[run_repeat] Starting mac_mps_mobilenet_v2_fp32_bs32_r3 (log: mac_mps_mobilenet_v2_fp32_bs32_r3_20251114_115549.txt)
MEASURED_SEC=17.093408 IMGS_PER_SEC=187.21 BATCH=32 ARCH=mobilenet_v2 BACKEND=MPS
       21.05 real        18.38 user        10.53 sys
           934969344  maximum resident set size
                   0  average shared memory size
                   0  average unshared data size
                   0  average unshared stack size
               65010  page reclaims
                   1  page faults
                   0  swaps
                   0  block input operations
                   0  block output operations
                   0  messages sent
                   0  messages received
                   0  signals received
                   0  voluntary context switches
              624629  involuntary context switches
        164962161156  instructions retired
         74027308871  cycles elapsed
          4115236448  peak memory footprint
[run_repeat] Finished mac_mps_mobilenet_v2_fp32_bs32_r3

[run_repeat] Starting mac_mps_mobilenet_v2_fp32_bs64_r1 (log: mac_mps_mobilenet_v2_fp32_bs64_r1_20251114_115610.txt)
MEASURED_SEC=36.129339 IMGS_PER_SEC=177.14 BATCH=64 ARCH=mobilenet_v2 BACKEND=MPS
       42.32 real        30.21 user        20.91 sys
           932134912  maximum resident set size
                   0  average shared memory size
                   0  average unshared data size
                   0  average unshared stack size
               65050  page reclaims
                  49  page faults
                   0  swaps
                   0  block input operations
                   0  block output operations
                   0  messages sent
                   0  messages received
                   0  signals received
               14117  voluntary context switches
             1196635  involuntary context switches
        275819083206  instructions retired
        127030963056  cycles elapsed
          7408322168  peak memory footprint
[run_repeat] Finished mac_mps_mobilenet_v2_fp32_bs64_r1

[run_repeat] Starting mac_mps_mobilenet_v2_fp32_bs64_r2 (log: mac_mps_mobilenet_v2_fp32_bs64_r2_20251114_115653.txt)
MEASURED_SEC=35.429728 IMGS_PER_SEC=180.64 BATCH=64 ARCH=mobilenet_v2 BACKEND=MPS
       41.64 real        31.22 user        20.49 sys
           932937728  maximum resident set size
                   0  average shared memory size
                   0  average unshared data size
                   0  average unshared stack size
               64870  page reclaims
                  29  page faults
                   0  swaps
                   0  block input operations
                   0  block output operations
                   0  messages sent
                   0  messages received
                   0  signals received
                9664  voluntary context switches
             1190559  involuntary context switches
        273799211015  instructions retired
        124848988075  cycles elapsed
          7403144824  peak memory footprint
[run_repeat] Finished mac_mps_mobilenet_v2_fp32_bs64_r2

[run_repeat] Starting mac_mps_mobilenet_v2_fp32_bs64_r3 (log: mac_mps_mobilenet_v2_fp32_bs64_r3_20251114_115734.txt)
MEASURED_SEC=36.038849 IMGS_PER_SEC=177.59 BATCH=64 ARCH=mobilenet_v2 BACKEND=MPS
       42.27 real        31.63 user        20.77 sys
           931954688  maximum resident set size
                   0  average shared memory size
                   0  average unshared data size
                   0  average unshared stack size
               64799  page reclaims
                  40  page faults
                   0  swaps
                   0  block input operations
                   0  block output operations
                   0  messages sent
                   0  messages received
                   0  signals received
                9308  voluntary context switches
             1197900  involuntary context switches
        274502598214  instructions retired
        124930818635  cycles elapsed
          7404848736  peak memory footprint
[run_repeat] Finished mac_mps_mobilenet_v2_fp32_bs64_r3

