[run_repeat] Starting mac_mps_resnet50_fp32_bs64_r1 (log: mac_mps_resnet50_fp32_bs64_r1_20251114_115839.txt)
MEASURED_SEC=73.486417 IMGS_PER_SEC=87.09 BATCH=64 ARCH=resnet50 BACKEND=MPS
       85.25 real        45.47 user        24.90 sys
           905265152  maximum resident set size
                   0  average shared memory size
                   0  average unshared data size
                   0  average unshared stack size
               63537  page reclaims
                  57  page faults
                   0  swaps
                   0  block input operations
                   0  block output operations
                   0  messages sent
                   0  messages received
                   0  signals received
               15578  voluntary context switches
             1226469  involuntary context switches
        277217770877  instructions retired
        127340585487  cycles elapsed
          8651097696  peak memory footprint
[run_repeat] Finished mac_mps_resnet50_fp32_bs64_r1

[run_repeat] Starting mac_mps_resnet50_fp32_bs64_r2 (log: mac_mps_resnet50_fp32_bs64_r2_20251114_120004.txt)
MEASURED_SEC=71.946513 IMGS_PER_SEC=88.95 BATCH=64 ARCH=resnet50 BACKEND=MPS
       82.41 real        35.03 user        18.28 sys
           966066176  maximum resident set size
                   0  average shared memory size
                   0  average unshared data size
                   0  average unshared stack size
               66912  page reclaims
                  29  page faults
                   0  swaps
                   0  block input operations
                   0  block output operations
                   0  messages sent
                   0  messages received
                   0  signals received
               15318  voluntary context switches
             1169010  involuntary context switches
        273285052021  instructions retired
        130112806398  cycles elapsed
          8650294880  peak memory footprint
[run_repeat] Finished mac_mps_resnet50_fp32_bs64_r2

[run_repeat] Starting mac_mps_resnet50_fp32_bs64_r3 (log: mac_mps_resnet50_fp32_bs64_r3_20251114_120126.txt)
MEASURED_SEC=69.754041 IMGS_PER_SEC=91.75 BATCH=64 ARCH=resnet50 BACKEND=MPS
       78.94 real        28.51 user        15.76 sys
           979075072  maximum resident set size
                   0  average shared memory size
                   0  average unshared data size
                   0  average unshared stack size
               67749  page reclaims
                  25  page faults
                   0  swaps
                   0  block input operations
                   0  block output operations
                   0  messages sent
                   0  messages received
                   0  signals received
                4874  voluntary context switches
             1162999  involuntary context switches
        273702653346  instructions retired
        134661338882  cycles elapsed
          8661845504  peak memory footprint
[run_repeat] Finished mac_mps_resnet50_fp32_bs64_r3

